2025-01-25 02:49:06.786 [info] [main] Log level: Info
2025-01-25 02:49:06.786 [info] [main] Validating found git in: "git"
2025-01-25 02:49:06.786 [info] [main] Using git "2.48.1" from "git"
2025-01-25 02:49:06.786 [info] [Model][doInitialScan] Initial repository scan started
2025-01-25 02:49:06.786 [info] > git rev-parse --show-toplevel [3ms]
2025-01-25 02:49:06.787 [info] > git rev-parse --show-toplevel [23ms]
2025-01-25 02:49:06.790 [info] [Model][doInitialScan] Initial repository scan completed - repositories (0), closed repositories (0), parent repositories (1), unsafe repositories (0)
2025-01-25 02:49:06.800 [info] > git rev-parse --show-toplevel [1ms]
2025-01-25 02:49:06.845 [info] > git rev-parse --show-toplevel [1ms]
2025-01-25 02:49:08.616 [info] > git rev-parse --show-toplevel [1ms]
2025-01-25 02:49:17.148 [info] [main] Log level: Info
2025-01-25 02:49:17.148 [info] [main] Validating found git in: "git"
2025-01-25 02:49:17.148 [info] [main] Using git "2.48.1" from "git"
2025-01-25 02:49:17.148 [info] [Model][doInitialScan] Initial repository scan started
2025-01-25 02:49:17.148 [info] > git rev-parse --show-toplevel [4ms]
2025-01-25 02:49:17.158 [info] > git rev-parse --show-toplevel [1ms]
2025-01-25 02:49:17.162 [info] > git rev-parse --show-toplevel [1ms]
2025-01-25 02:49:17.167 [info] > git rev-parse --show-toplevel [1ms]
2025-01-25 02:49:17.172 [info] > git rev-parse --show-toplevel [1ms]
2025-01-25 02:49:17.177 [info] > git rev-parse --show-toplevel [1ms]
2025-01-25 02:49:17.182 [info] > git rev-parse --show-toplevel [1ms]
2025-01-25 02:49:17.187 [info] > git rev-parse --show-toplevel [1ms]
2025-01-25 02:49:17.192 [info] > git rev-parse --show-toplevel [1ms]
2025-01-25 02:49:17.197 [info] > git rev-parse --show-toplevel [1ms]
2025-01-25 02:49:17.201 [info] > git rev-parse --show-toplevel [1ms]
2025-01-25 02:49:17.207 [info] > git rev-parse --show-toplevel [3ms]
2025-01-25 02:49:17.212 [info] > git rev-parse --show-toplevel [1ms]
2025-01-25 02:49:17.216 [info] > git rev-parse --show-toplevel [0ms]
2025-01-25 02:49:17.217 [info] [Model][doInitialScan] Initial repository scan completed - repositories (0), closed repositories (0), parent repositories (1), unsafe repositories (0)
2025-01-25 02:49:18.628 [info] > git rev-parse --show-toplevel [2ms]
2025-01-25 02:49:19.028 [info] > git rev-parse --show-toplevel [8ms]
2025-01-25 02:54:26.092 [info] [main] Log level: Info
2025-01-25 02:54:26.092 [info] [main] Validating found git in: "git"
2025-01-25 02:54:26.092 [info] [main] Using git "2.48.1" from "git"
2025-01-25 02:54:26.092 [info] [Model][doInitialScan] Initial repository scan started
2025-01-25 02:54:26.092 [info] > git rev-parse --show-toplevel [33ms]
2025-01-25 02:54:26.093 [info] > git rev-parse --git-dir --git-common-dir [5ms]
2025-01-25 02:54:26.106 [info] [Model][openRepository] Opened repository: /home/riskirills/archdotfiles
2025-01-25 02:54:26.180 [info] > git rev-parse --show-toplevel [6ms]
2025-01-25 02:54:26.181 [info] > git config --get commit.template [15ms]
2025-01-25 02:54:26.217 [info] > git for-each-ref --format=%(refname)%00%(upstream:short)%00%(objectname)%00%(upstream:track)%00%(upstream:remotename)%00%(upstream:remoteref) refs/heads/main refs/remotes/main [7ms]
2025-01-25 02:54:26.217 [info] > git rev-parse --show-toplevel [22ms]
2025-01-25 02:54:26.218 [info] [Model][doInitialScan] Initial repository scan completed - repositories (1), closed repositories (0), parent repositories (0), unsafe repositories (0)
2025-01-25 02:54:26.253 [info] > git status -z -uall [19ms]
2025-01-25 02:54:26.265 [info] > git for-each-ref --sort -committerdate --format %(refname) %(objectname) %(*objectname) [14ms]
2025-01-25 02:54:26.335 [info] > git for-each-ref --format=%(refname)%00%(upstream:short)%00%(objectname)%00%(upstream:track)%00%(upstream:remotename)%00%(upstream:remoteref) refs/heads/main refs/remotes/main [40ms]
2025-01-25 02:54:26.357 [info] > git config --local branch.main.vscode-merge-base [9ms]
2025-01-25 02:54:26.373 [info] > git config --get commit.template [48ms]
2025-01-25 02:54:26.393 [info] > git for-each-ref --format=%(refname)%00%(upstream:short)%00%(objectname)%00%(upstream:track)%00%(upstream:remotename)%00%(upstream:remoteref) refs/heads/origin/main refs/remotes/origin/main [20ms]
2025-01-25 02:54:26.462 [info] > git merge-base refs/heads/main refs/remotes/origin/main [57ms]
2025-01-25 02:54:26.480 [info] > git diff --name-status -z --diff-filter=ADMR a159ea4873d683b5c50d8621b20880567ab1550a...refs/remotes/origin/main [8ms]
2025-01-25 02:54:26.481 [info] > git for-each-ref --format=%(refname)%00%(upstream:short)%00%(objectname)%00%(upstream:track)%00%(upstream:remotename)%00%(upstream:remoteref) refs/heads/main refs/remotes/main [20ms]
2025-01-25 02:54:26.513 [info] > git status -z -uall [15ms]
2025-01-25 02:54:26.519 [info] > git for-each-ref --sort -committerdate --format %(refname) %(objectname) %(*objectname) [10ms]
2025-01-25 02:54:26.631 [info] > git show --textconv :screenshot.sh [13ms]
2025-01-25 02:54:26.632 [info] > git ls-files --stage -- /home/riskirills/archdotfiles/screenshot.sh [1ms]
2025-01-25 02:54:26.647 [info] > git cat-file -s 0b6d7afbba6bc89e8f415f5d14d09e350160b1b8 [6ms]
2025-01-25 02:54:26.672 [info] > git blame --root --incremental a159ea4873d683b5c50d8621b20880567ab1550a -- /home/riskirills/archdotfiles/screenshot.sh [4ms]
2025-01-25 02:54:26.691 [info] > git check-ignore -v -z --stdin [3ms]
2025-01-25 02:54:28.587 [info] > git show --textconv :openinyazi.sh [15ms]
2025-01-25 02:54:28.590 [info] > git ls-files --stage -- /home/riskirills/archdotfiles/openinyazi.sh [3ms]
2025-01-25 02:54:28.673 [info] > git blame --root --incremental a159ea4873d683b5c50d8621b20880567ab1550a -- /home/riskirills/archdotfiles/openinyazi.sh [1ms]
2025-01-25 02:54:28.673 [info] fatal: no such path openinyazi.sh in a159ea4873d683b5c50d8621b20880567ab1550a
2025-01-25 02:55:09.100 [info] > git config --get commit.template [11ms]
2025-01-25 02:55:09.103 [info] > git for-each-ref --format=%(refname)%00%(upstream:short)%00%(objectname)%00%(upstream:track)%00%(upstream:remotename)%00%(upstream:remoteref) refs/heads/main refs/remotes/main [4ms]
2025-01-25 02:55:09.127 [info] > git status -z -uall [15ms]
2025-01-25 02:55:09.127 [info] > git for-each-ref --sort -committerdate --format %(refname) %(objectname) %(*objectname) [4ms]
2025-01-25 02:56:06.112 [info] > git check-ignore -v -z --stdin [1ms]
2025-01-25 02:56:06.703 [info] > git show --textconv :.config/yazi/yazi.toml [12ms]
2025-01-25 02:56:06.706 [info] > git ls-files --stage -- /home/riskirills/archdotfiles/.config/yazi/yazi.toml [5ms]
2025-01-25 02:56:06.720 [info] > git cat-file -s e09ffc35167ad87f0b59c6d4b300581bec6d2471 [4ms]
2025-01-25 02:56:07.104 [info] > git blame --root --incremental a159ea4873d683b5c50d8621b20880567ab1550a -- /home/riskirills/archdotfiles/.config/yazi/yazi.toml [3ms]
2025-01-25 02:56:14.621 [info] > git ls-files --stage -- /home/riskirills/archdotfiles/.config/yazi/theme.toml [4ms]
2025-01-25 02:56:14.630 [info] > git show --textconv :.config/yazi/theme.toml [25ms]
2025-01-25 02:56:14.632 [info] > git cat-file -s d207532130e3d7563f152e9af80179e4e83a8ff0 [3ms]
2025-01-25 02:56:15.046 [info] > git show --textconv :.config/yazi/keymap.toml [16ms]
2025-01-25 02:56:15.049 [info] > git ls-files --stage -- /home/riskirills/archdotfiles/.config/yazi/keymap.toml [5ms]
2025-01-25 02:56:15.060 [info] > git cat-file -s 414c769207caddb94345209affcc7abe4112a60b [2ms]
2025-01-25 02:56:15.193 [info] > git blame --root --incremental a159ea4873d683b5c50d8621b20880567ab1550a -- /home/riskirills/archdotfiles/.config/yazi/keymap.toml [2ms]
2025-01-25 02:56:32.932 [info] > git show --textconv :openinyazi.sh [14ms]
2025-01-25 02:56:32.936 [info] > git ls-files --stage -- /home/riskirills/archdotfiles/openinyazi.sh [5ms]
2025-01-25 02:58:22.211 [info] > git config --get commit.template [52ms]
2025-01-25 02:58:22.212 [info] > git for-each-ref --format=%(refname)%00%(upstream:short)%00%(objectname)%00%(upstream:track)%00%(upstream:remotename)%00%(upstream:remoteref) refs/heads/main refs/remotes/main [8ms]
2025-01-25 02:58:22.266 [info] > git status -z -uall [26ms]
2025-01-25 02:58:22.266 [info] > git for-each-ref --sort -committerdate --format %(refname) %(objectname) %(*objectname) [2ms]
