2025-01-25 00:54:06.804 [info] [main] Log level: Info
2025-01-25 00:54:06.804 [info] [main] Validating found git in: "git"
2025-01-25 00:54:06.804 [info] [main] Using git "2.48.1" from "git"
2025-01-25 00:54:06.804 [info] [Model][doInitialScan] Initial repository scan started
2025-01-25 00:54:06.804 [info] [Model][doInitialScan] Initial repository scan completed - repositories (0), closed repositories (0), parent repositories (0), unsafe repositories (0)
2025-01-25 00:54:13.911 [info] [main] Log level: Info
2025-01-25 00:54:13.911 [info] [main] Validating found git in: "git"
2025-01-25 00:54:13.911 [info] [main] Using git "2.48.1" from "git"
2025-01-25 00:54:13.911 [info] [Model][doInitialScan] Initial repository scan started
2025-01-25 00:54:13.911 [info] > git rev-parse --show-toplevel [5ms]
2025-01-25 00:54:13.923 [info] > git rev-parse --git-dir --git-common-dir [6ms]
2025-01-25 00:54:13.930 [info] [Model][openRepository] Opened repository: /home/riskirills/dotfiles
2025-01-25 00:54:13.946 [info] > git rev-parse --show-toplevel [2ms]
2025-01-25 00:54:13.946 [info] > git config --get commit.template [7ms]
2025-01-25 00:54:13.987 [info] > git rev-parse --show-toplevel [18ms]
2025-01-25 00:54:13.997 [info] > git for-each-ref --format=%(refname)%00%(upstream:short)%00%(objectname)%00%(upstream:track)%00%(upstream:remotename)%00%(upstream:remoteref) refs/heads/main refs/remotes/main [11ms]
2025-01-25 00:54:14.002 [warning] [Git][revParse] Unable to read file: ENOENT: no such file or directory, open '/home/riskirills/dotfiles/.git/refs/remotes/origin/main'
2025-01-25 00:54:14.003 [info] > git rev-parse --show-toplevel [10ms]
2025-01-25 00:54:14.003 [info] [Model][doInitialScan] Initial repository scan completed - repositories (1), closed repositories (0), parent repositories (0), unsafe repositories (0)
2025-01-25 00:54:14.004 [info] > git rev-parse refs/remotes/origin/main [2ms]
2025-01-25 00:54:14.017 [info] > git for-each-ref --sort -committerdate --format %(refname) %(objectname) %(*objectname) [2ms]
2025-01-25 00:54:14.238 [info] > git status -z -uall [229ms] (cancelled)
2025-01-25 00:54:14.455 [info] > git check-ignore -v -z --stdin [1ms]
2025-01-25 00:54:16.890 [info] > git check-ignore -v -z --stdin [2ms]
2025-01-25 00:54:19.714 [info] > git check-ignore -v -z --stdin [1ms]
2025-01-25 00:54:20.233 [info] > git show --textconv :.config/waybar/config [7ms]
2025-01-25 00:54:20.234 [info] > git ls-files --stage -- /home/riskirills/dotfiles/.config/waybar/config [2ms]
2025-01-25 00:54:20.240 [info] > git cat-file -s adabff1ee78c5b02d43ee13c826388aa7a45bf40 [1ms]
2025-01-25 00:55:13.421 [info] > git blame --root --incremental 6739f0acadec2bd71b86c1e0d9ec2bdc578038d0 -- /home/riskirills/dotfiles/.config/waybar/config [16ms]
2025-01-25 00:56:34.889 [info] > git show --textconv :.config/waybar/style.css [7ms]
2025-01-25 00:56:34.890 [info] > git ls-files --stage -- /home/riskirills/dotfiles/.config/waybar/style.css [2ms]
2025-01-25 00:56:34.898 [info] > git cat-file -s c74880b37bd3fef6981e1fd1b59f6d26cc2a72bf [2ms]
2025-01-25 00:57:11.331 [info] > git blame --root --incremental 6739f0acadec2bd71b86c1e0d9ec2bdc578038d0 -- /home/riskirills/dotfiles/.config/waybar/style.css [2ms]
2025-01-25 00:57:21.026 [info] > git show --textconv :.config/waybar/config [6ms]
2025-01-25 00:57:21.027 [info] > git ls-files --stage -- /home/riskirills/dotfiles/.config/waybar/config [1ms]
2025-01-25 00:57:21.034 [info] > git cat-file -s adabff1ee78c5b02d43ee13c826388aa7a45bf40 [2ms]
2025-01-25 00:58:26.833 [info] > git ls-files --stage -- /home/riskirills/dotfiles/.config/waybar/config [1ms]
2025-01-25 00:58:26.839 [info] > git cat-file -s adabff1ee78c5b02d43ee13c826388aa7a45bf40 [1ms]
2025-01-25 00:58:26.845 [info] > git show --textconv :.config/waybar/config [1ms]
2025-01-25 00:58:42.211 [info] > git ls-files --stage -- /home/riskirills/dotfiles/.config/waybar/config [1ms]
2025-01-25 00:58:42.217 [info] > git cat-file -s adabff1ee78c5b02d43ee13c826388aa7a45bf40 [2ms]
2025-01-25 00:58:42.223 [info] > git show --textconv :.config/waybar/config [1ms]
