2025-01-25 02:49:05.968 [info] Added views:outline in workbench.view.explorer
2025-01-25 02:49:05.968 [info] Added views:workbench.view.search in workbench.view.search
2025-01-25 02:49:05.969 [info] Added views:workbench.scm in workbench.view.scm
2025-01-25 02:49:05.969 [info] Added views:workbench.panel.markers.view in workbench.panel.markers
2025-01-25 02:49:05.969 [info] Added views:workbench.panel.output in workbench.panel.output
2025-01-25 02:49:05.969 [info] Added views:terminal in terminal
2025-01-25 02:49:05.969 [info] Added views:timeline in workbench.view.explorer
2025-01-25 02:49:05.969 [info] Added views:workbench.explorer.fileView in workbench.view.explorer
2025-01-25 02:49:06.068 [info] Added views:workbench.debug.welcome in workbench.view.debug
2025-01-25 02:49:06.523 [info] Added views:workbench.panel.repl.view in workbench.panel.repl
2025-01-25 02:49:06.698 [info] Added views:~remote.forwardedPorts in ~remote.forwardedPortsContainer
2025-01-25 02:49:16.466 [info] Added views:outline in workbench.view.explorer
2025-01-25 02:49:16.466 [info] Added views:workbench.view.search in workbench.view.search
2025-01-25 02:49:16.467 [info] Added views:workbench.scm in workbench.view.scm
2025-01-25 02:49:16.467 [info] Added views:workbench.panel.markers.view in workbench.panel.markers
2025-01-25 02:49:16.467 [info] Added views:workbench.panel.output in workbench.panel.output
2025-01-25 02:49:16.467 [info] Added views:terminal in terminal
2025-01-25 02:49:16.467 [info] Added views:timeline in workbench.view.explorer
2025-01-25 02:49:16.467 [info] Added views:workbench.explorer.fileView in workbench.view.explorer
2025-01-25 02:49:16.735 [info] Added views:workbench.debug.variablesView,workbench.debug.watchExpressionsView,workbench.debug.callStackView,workbench.debug.breakPointsView in workbench.view.debug
2025-01-25 02:49:16.838 [info] Added views:~remote.forwardedPorts in ~remote.forwardedPortsContainer
2025-01-25 02:49:16.962 [info] Added views:workbench.panel.repl.view in workbench.panel.repl
2025-01-25 02:49:16.963 [info] Removed views:workbench.debug.breakPointsView,workbench.debug.callStackView,workbench.debug.watchExpressionsView,workbench.debug.variablesView from workbench.view.debug
2025-01-25 02:49:16.963 [info] Added views:workbench.debug.welcome in workbench.view.debug
2025-01-25 02:54:23.857 [info] Added views:outline in workbench.view.explorer
2025-01-25 02:54:23.857 [info] Added views:workbench.view.search in workbench.view.search
2025-01-25 02:54:23.857 [info] Added views:workbench.scm in workbench.view.scm
2025-01-25 02:54:23.857 [info] Added views:workbench.panel.markers.view in workbench.panel.markers
2025-01-25 02:54:23.857 [info] Added views:workbench.panel.output in workbench.panel.output
2025-01-25 02:54:23.857 [info] Added views:terminal in terminal
2025-01-25 02:54:23.857 [info] Added views:timeline in workbench.view.explorer
2025-01-25 02:54:23.857 [info] Added views:workbench.explorer.fileView in workbench.view.explorer
2025-01-25 02:54:24.009 [info] Added views:workbench.debug.welcome in workbench.view.debug
2025-01-25 02:54:25.218 [info] Added views:workbench.panel.repl.view in workbench.panel.repl
2025-01-25 02:54:25.521 [info] Added views:~remote.forwardedPorts in ~remote.forwardedPortsContainer
2025-01-25 02:54:26.223 [info] Added views:workbench.scm.history in workbench.view.scm
2025-01-25 02:59:28.136 [info] Removed views:workbench.scm.history from workbench.view.scm
