2025-01-25 02:08:19.269 [info] [main] Log level: Info
2025-01-25 02:08:19.269 [info] [main] Validating found git in: "git"
2025-01-25 02:08:19.269 [info] [main] Using git "2.48.1" from "git"
2025-01-25 02:08:19.269 [info] [Model][doInitialScan] Initial repository scan started
2025-01-25 02:08:19.269 [info] > git rev-parse --show-toplevel [2ms]
2025-01-25 02:08:19.269 [info] fatal: not a git repository (or any of the parent directories): .git
2025-01-25 02:08:19.277 [info] > git rev-parse --show-toplevel [1ms]
2025-01-25 02:08:19.277 [info] fatal: not a git repository (or any of the parent directories): .git
2025-01-25 02:08:19.301 [info] > git rev-parse --show-toplevel [20ms]
2025-01-25 02:08:19.301 [info] fatal: not a git repository (or any of the parent directories): .git
2025-01-25 02:08:19.310 [info] > git rev-parse --show-toplevel [2ms]
2025-01-25 02:08:19.310 [info] fatal: not a git repository (or any of the parent directories): .git
2025-01-25 02:08:19.314 [info] > git rev-parse --show-toplevel [1ms]
2025-01-25 02:08:19.314 [info] fatal: not a git repository (or any of the parent directories): .git
2025-01-25 02:08:19.319 [info] > git rev-parse --show-toplevel [1ms]
2025-01-25 02:08:19.319 [info] fatal: not a git repository (or any of the parent directories): .git
2025-01-25 02:08:19.323 [info] > git rev-parse --show-toplevel [1ms]
2025-01-25 02:08:19.323 [info] fatal: not a git repository (or any of the parent directories): .git
2025-01-25 02:08:19.327 [info] > git rev-parse --show-toplevel [1ms]
2025-01-25 02:08:19.327 [info] fatal: not a git repository (or any of the parent directories): .git
2025-01-25 02:08:19.332 [info] > git rev-parse --show-toplevel [1ms]
2025-01-25 02:08:19.336 [info] > git rev-parse --git-dir --git-common-dir [1ms]
2025-01-25 02:08:19.343 [info] [Model][openRepository] Opened repository: /home/riskirills/.oh-my-zsh
2025-01-25 02:08:19.355 [info] > git rev-parse --show-toplevel [2ms]
2025-01-25 02:08:19.355 [info] fatal: not a git repository (or any of the parent directories): .git
2025-01-25 02:08:19.355 [info] > git config --get commit.template [7ms]
2025-01-25 02:08:19.377 [info] > git rev-parse --show-toplevel [17ms]
2025-01-25 02:08:19.377 [info] fatal: not a git repository (or any of the parent directories): .git
2025-01-25 02:08:19.390 [info] > git for-each-ref --format=%(refname)%00%(upstream:short)%00%(objectname)%00%(upstream:track)%00%(upstream:remotename)%00%(upstream:remoteref) refs/heads/master refs/remotes/master [14ms]
2025-01-25 02:08:19.391 [info] > git rev-parse --show-toplevel [1ms]
2025-01-25 02:08:19.391 [info] fatal: not a git repository (or any of the parent directories): .git
2025-01-25 02:08:19.403 [info] > git rev-parse --show-toplevel [9ms]
2025-01-25 02:08:19.403 [info] fatal: not a git repository (or any of the parent directories): .git
2025-01-25 02:08:19.407 [info] > git for-each-ref --sort -committerdate --format %(refname) %(objectname) %(*objectname) [5ms]
2025-01-25 02:08:19.408 [info] > git rev-parse --show-toplevel [1ms]
2025-01-25 02:08:19.408 [info] fatal: not a git repository (or any of the parent directories): .git
2025-01-25 02:08:19.412 [info] > git rev-parse --show-toplevel [1ms]
2025-01-25 02:08:19.412 [info] fatal: not a git repository (or any of the parent directories): .git
2025-01-25 02:08:19.416 [info] > git rev-parse --show-toplevel [1ms]
2025-01-25 02:08:19.416 [info] fatal: not a git repository (or any of the parent directories): .git
2025-01-25 02:08:19.421 [info] > git rev-parse --show-toplevel [1ms]
2025-01-25 02:08:19.421 [info] fatal: not a git repository (or any of the parent directories): .git
2025-01-25 02:08:19.425 [info] > git rev-parse --show-toplevel [1ms]
2025-01-25 02:08:19.425 [info] fatal: not a git repository (or any of the parent directories): .git
2025-01-25 02:08:19.429 [info] > git rev-parse --show-toplevel [0ms]
2025-01-25 02:08:19.429 [info] fatal: not a git repository (or any of the parent directories): .git
2025-01-25 02:08:19.433 [info] > git rev-parse --show-toplevel [0ms]
2025-01-25 02:08:19.433 [info] fatal: not a git repository (or any of the parent directories): .git
2025-01-25 02:08:19.437 [info] > git rev-parse --show-toplevel [0ms]
2025-01-25 02:08:19.437 [info] fatal: not a git repository (or any of the parent directories): .git
2025-01-25 02:08:19.442 [info] > git rev-parse --show-toplevel [1ms]
2025-01-25 02:08:19.442 [info] fatal: not a git repository (or any of the parent directories): .git
2025-01-25 02:08:19.446 [info] > git rev-parse --show-toplevel [1ms]
2025-01-25 02:08:19.446 [info] fatal: not a git repository (or any of the parent directories): .git
2025-01-25 02:08:19.452 [info] > git rev-parse --show-toplevel [1ms]
2025-01-25 02:08:19.452 [info] fatal: not a git repository (or any of the parent directories): .git
2025-01-25 02:08:19.457 [info] > git rev-parse --show-toplevel [0ms]
2025-01-25 02:08:19.461 [info] > git rev-parse --git-dir --git-common-dir [1ms]
2025-01-25 02:08:19.465 [info] [Model][openRepository] Opened repository: /home/riskirills/archdotfiles
2025-01-25 02:08:19.465 [info] [Model][doInitialScan] Initial repository scan completed - repositories (2), closed repositories (0), parent repositories (0), unsafe repositories (0)
2025-01-25 02:08:19.470 [info] > git status -z -uall [72ms]
2025-01-25 02:08:19.484 [info] > git for-each-ref --format=%(refname)%00%(upstream:short)%00%(objectname)%00%(upstream:track)%00%(upstream:remotename)%00%(upstream:remoteref) refs/heads/master refs/remotes/master [7ms]
2025-01-25 02:08:19.488 [info] > git config --get commit.template [19ms]
2025-01-25 02:08:19.494 [info] > git config --local branch.master.vscode-merge-base [5ms]
2025-01-25 02:08:19.494 [warning] [Git][config] git config failed: Failed to execute git
2025-01-25 02:08:19.497 [info] > git config --get commit.template [13ms]
2025-01-25 02:08:19.498 [info] > git for-each-ref --format=%(refname)%00%(upstream:short)%00%(objectname)%00%(upstream:track)%00%(upstream:remotename)%00%(upstream:remoteref) refs/heads/main refs/remotes/main [5ms]
2025-01-25 02:08:19.528 [info] > git reflog master --grep-reflog=branch: Created from *. [31ms]
2025-01-25 02:08:19.534 [info] > git for-each-ref --format=%(refname)%00%(upstream:short)%00%(objectname)%00%(upstream:track)%00%(upstream:remotename)%00%(upstream:remoteref) refs/heads/origin/master refs/remotes/origin/master [2ms]
2025-01-25 02:08:19.538 [info] > git for-each-ref --format=%(refname)%00%(upstream:short)%00%(objectname)%00%(upstream:track)%00%(upstream:remotename)%00%(upstream:remoteref) refs/heads/master refs/remotes/master [13ms]
2025-01-25 02:08:19.547 [info] > git status -z -uall [4ms]
2025-01-25 02:08:19.547 [info] > git config --local branch.master.vscode-merge-base origin/master [9ms]
2025-01-25 02:08:19.558 [info] > git config --get commit.template [7ms]
2025-01-25 02:08:19.558 [info] > git for-each-ref --sort -committerdate --format %(refname) %(objectname) %(*objectname) [11ms]
2025-01-25 02:08:19.578 [info] > git for-each-ref --format=%(refname)%00%(upstream:short)%00%(objectname)%00%(upstream:track)%00%(upstream:remotename)%00%(upstream:remoteref) refs/heads/main refs/remotes/main [14ms]
2025-01-25 02:08:19.582 [info] > git for-each-ref --format=%(refname)%00%(upstream:short)%00%(objectname)%00%(upstream:track)%00%(upstream:remotename)%00%(upstream:remoteref) refs/heads/master refs/remotes/master [26ms]
2025-01-25 02:08:19.591 [info] > git config --local branch.master.vscode-merge-base [6ms]
2025-01-25 02:08:19.594 [info] > git config --local branch.main.vscode-merge-base [12ms]
2025-01-25 02:08:19.598 [info] > git config --get commit.template [21ms]
2025-01-25 02:08:19.599 [info] > git for-each-ref --format=%(refname)%00%(upstream:short)%00%(objectname)%00%(upstream:track)%00%(upstream:remotename)%00%(upstream:remoteref) refs/heads/origin/master refs/remotes/origin/master [4ms]
2025-01-25 02:08:19.603 [info] > git for-each-ref --format=%(refname)%00%(upstream:short)%00%(objectname)%00%(upstream:track)%00%(upstream:remotename)%00%(upstream:remoteref) refs/heads/master refs/remotes/master [13ms]
2025-01-25 02:08:19.608 [info] > git merge-base refs/heads/master refs/remotes/origin/master [5ms]
2025-01-25 02:08:19.612 [info] > git for-each-ref --format=%(refname)%00%(upstream:short)%00%(objectname)%00%(upstream:track)%00%(upstream:remotename)%00%(upstream:remoteref) refs/heads/origin/main refs/remotes/origin/main [14ms]
2025-01-25 02:08:19.617 [info] > git diff --name-status -z --diff-filter=ADMR 5fd2059e5eda17ee07501a21d47189d4b96d6ff3...refs/remotes/origin/master [5ms]
2025-01-25 02:08:19.617 [info] > git for-each-ref --format=%(refname)%00%(upstream:short)%00%(objectname)%00%(upstream:track)%00%(upstream:remotename)%00%(upstream:remoteref) refs/heads/main refs/remotes/main [10ms]
2025-01-25 02:08:19.618 [info] > git merge-base refs/heads/main refs/remotes/origin/main [2ms]
2025-01-25 02:08:19.630 [info] > git diff --name-status -z --diff-filter=ADMR a159ea4873d683b5c50d8621b20880567ab1550a...refs/remotes/origin/main [8ms]
2025-01-25 02:08:19.639 [info] > git status -z -uall [4ms]
2025-01-25 02:08:19.639 [info] > git for-each-ref --sort -committerdate --format %(refname) %(objectname) %(*objectname) [10ms]
2025-01-25 02:08:19.640 [info] > git for-each-ref --sort -committerdate --format %(refname) %(objectname) %(*objectname) [1ms]
2025-01-25 02:08:19.656 [info] > git status -z -uall [30ms]
2025-01-25 02:08:19.998 [info] > git check-ignore -v -z --stdin [4ms]
2025-01-25 02:08:19.999 [info] > git check-ignore -v -z --stdin [1ms]
