2025-01-25 02:06:29.687 [info] [main] Log level: Info
2025-01-25 02:06:29.687 [info] [main] Validating found git in: "git"
2025-01-25 02:06:29.687 [info] [main] Using git "2.48.1" from "git"
2025-01-25 02:06:29.687 [info] [Model][doInitialScan] Initial repository scan started
2025-01-25 02:06:29.687 [info] > git rev-parse --show-toplevel [5ms]
2025-01-25 02:06:29.687 [info] > git rev-parse --git-dir --git-common-dir [2ms]
2025-01-25 02:06:29.687 [info] [Model][openRepository] Opened repository: /home/riskirills/archdotfiles
2025-01-25 02:06:29.688 [info] > git rev-parse --show-toplevel [3ms]
2025-01-25 02:06:29.688 [info] [Model][doInitialScan] Initial repository scan completed - repositories (1), closed repositories (0), parent repositories (0), unsafe repositories (0)
2025-01-25 02:06:29.689 [info] > git config --get commit.template [9ms]
2025-01-25 02:06:29.701 [info] > git for-each-ref --format=%(refname)%00%(upstream:short)%00%(objectname)%00%(upstream:track)%00%(upstream:remotename)%00%(upstream:remoteref) refs/heads/main refs/remotes/main [2ms]
2025-01-25 02:06:29.714 [info] > git status -z -uall [7ms]
2025-01-25 02:06:29.718 [info] > git for-each-ref --sort -committerdate --format %(refname) %(objectname) %(*objectname) [5ms]
2025-01-25 02:06:29.734 [info] > git for-each-ref --format=%(refname)%00%(upstream:short)%00%(objectname)%00%(upstream:track)%00%(upstream:remotename)%00%(upstream:remoteref) refs/heads/main refs/remotes/main [7ms]
2025-01-25 02:06:29.741 [info] > git config --get commit.template [7ms]
2025-01-25 02:06:29.742 [info] > git config --local branch.main.vscode-merge-base [2ms]
2025-01-25 02:06:29.761 [info] > git for-each-ref --format=%(refname)%00%(upstream:short)%00%(objectname)%00%(upstream:track)%00%(upstream:remotename)%00%(upstream:remoteref) refs/heads/main refs/remotes/main [9ms]
2025-01-25 02:06:29.761 [info] > git for-each-ref --format=%(refname)%00%(upstream:short)%00%(objectname)%00%(upstream:track)%00%(upstream:remotename)%00%(upstream:remoteref) refs/heads/origin/main refs/remotes/origin/main [15ms]
2025-01-25 02:06:29.790 [info] > git merge-base refs/heads/main refs/remotes/origin/main [24ms]
2025-01-25 02:06:29.797 [info] > git diff --name-status -z --diff-filter=ADMR a159ea4873d683b5c50d8621b20880567ab1550a...refs/remotes/origin/main [2ms]
2025-01-25 02:06:29.809 [info] > git status -z -uall [6ms]
2025-01-25 02:06:29.812 [info] > git for-each-ref --sort -committerdate --format %(refname) %(objectname) %(*objectname) [4ms]
2025-01-25 02:06:30.126 [info] > git show --textconv :reload.sh [5ms]
2025-01-25 02:06:30.127 [info] > git ls-files --stage -- /home/riskirills/archdotfiles/reload.sh [1ms]
2025-01-25 02:06:30.132 [info] > git cat-file -s 67c3d6607e8f55c97a5521d3e6110c0e8ed2a4e1 [1ms]
2025-01-25 02:06:30.144 [info] > git blame --root --incremental a159ea4873d683b5c50d8621b20880567ab1550a -- /home/riskirills/archdotfiles/reload.sh [1ms]
2025-01-25 02:06:30.179 [info] > git check-ignore -v -z --stdin [1ms]
2025-01-25 02:06:34.376 [info] > git config --get commit.template [4ms]
2025-01-25 02:06:34.376 [info] > git for-each-ref --format=%(refname)%00%(upstream:short)%00%(objectname)%00%(upstream:track)%00%(upstream:remotename)%00%(upstream:remoteref) refs/heads/main refs/remotes/main [1ms]
2025-01-25 02:06:34.384 [info] > git status -z -uall [4ms]
2025-01-25 02:06:34.385 [info] > git for-each-ref --sort -committerdate --format %(refname) %(objectname) %(*objectname) [1ms]
2025-01-25 02:06:39.397 [info] > git config --get commit.template [3ms]
2025-01-25 02:06:39.398 [info] > git for-each-ref --format=%(refname)%00%(upstream:short)%00%(objectname)%00%(upstream:track)%00%(upstream:remotename)%00%(upstream:remoteref) refs/heads/main refs/remotes/main [1ms]
2025-01-25 02:06:39.405 [info] > git status -z -uall [4ms]
2025-01-25 02:06:39.406 [info] > git for-each-ref --sort -committerdate --format %(refname) %(objectname) %(*objectname) [1ms]
2025-01-25 02:06:44.417 [info] > git config --get commit.template [4ms]
2025-01-25 02:06:44.418 [info] > git for-each-ref --format=%(refname)%00%(upstream:short)%00%(objectname)%00%(upstream:track)%00%(upstream:remotename)%00%(upstream:remoteref) refs/heads/main refs/remotes/main [1ms]
2025-01-25 02:06:44.426 [info] > git status -z -uall [4ms]
2025-01-25 02:06:44.427 [info] > git for-each-ref --sort -committerdate --format %(refname) %(objectname) %(*objectname) [2ms]
2025-01-25 02:07:01.350 [info] > git check-ignore -v -z --stdin [1ms]
2025-01-25 02:07:02.890 [info] > git check-ignore -v -z --stdin [1ms]
2025-01-25 02:07:03.795 [info] > git show --textconv :.config/waybar/style.css [5ms]
2025-01-25 02:07:03.795 [info] > git ls-files --stage -- /home/riskirills/archdotfiles/.config/waybar/style.css [1ms]
2025-01-25 02:07:03.800 [info] > git cat-file -s c74880b37bd3fef6981e1fd1b59f6d26cc2a72bf [1ms]
