2025-01-25 00:54:06.176 [info] Added views:outline in workbench.view.explorer
2025-01-25 00:54:06.176 [info] Added views:workbench.view.search in workbench.view.search
2025-01-25 00:54:06.176 [info] Added views:workbench.scm in workbench.view.scm
2025-01-25 00:54:06.176 [info] Added views:workbench.panel.markers.view in workbench.panel.markers
2025-01-25 00:54:06.176 [info] Added views:workbench.panel.output in workbench.panel.output
2025-01-25 00:54:06.176 [info] Added views:terminal in terminal
2025-01-25 00:54:06.176 [info] Added views:timeline in workbench.view.explorer
2025-01-25 00:54:06.176 [info] Added views:workbench.explorer.emptyView in workbench.view.explorer
2025-01-25 00:54:06.609 [info] Added views:workbench.debug.welcome in workbench.view.debug
2025-01-25 00:54:06.621 [info] Added views:workbench.panel.repl.view in workbench.panel.repl
2025-01-25 00:54:06.798 [info] Added views:~remote.forwardedPorts in ~remote.forwardedPortsContainer
2025-01-25 00:54:10.957 [info] Added views:outline in workbench.view.explorer
2025-01-25 00:54:10.957 [info] Added views:workbench.view.search in workbench.view.search
2025-01-25 00:54:10.957 [info] Added views:workbench.scm in workbench.view.scm
2025-01-25 00:54:10.957 [info] Added views:workbench.panel.markers.view in workbench.panel.markers
2025-01-25 00:54:10.957 [info] Added views:workbench.panel.output in workbench.panel.output
2025-01-25 00:54:10.957 [info] Added views:terminal in terminal
2025-01-25 00:54:10.957 [info] Added views:timeline in workbench.view.explorer
2025-01-25 00:54:10.957 [info] Added views:workbench.explorer.fileView in workbench.view.explorer
2025-01-25 00:54:11.312 [info] Added views:workbench.debug.variablesView,workbench.debug.watchExpressionsView,workbench.debug.callStackView,workbench.debug.breakPointsView in workbench.view.debug
2025-01-25 00:54:11.331 [info] Added views:~remote.forwardedPorts in ~remote.forwardedPortsContainer
2025-01-25 00:54:11.512 [info] Added views:workbench.panel.repl.view in workbench.panel.repl
2025-01-25 00:54:11.513 [info] Removed views:workbench.debug.breakPointsView,workbench.debug.callStackView,workbench.debug.watchExpressionsView,workbench.debug.variablesView from workbench.view.debug
2025-01-25 00:54:11.513 [info] Added views:workbench.debug.welcome in workbench.view.debug
2025-01-25 00:54:13.931 [info] Added views:workbench.scm.history in workbench.view.scm
2025-01-25 00:58:58.047 [info] Removed views:workbench.scm.history from workbench.view.scm
