2025-01-25 02:59:35.487 [info] [main] Log level: Info
2025-01-25 02:59:35.487 [info] [main] Validating found git in: "git"
2025-01-25 02:59:35.487 [info] [main] Using git "2.48.1" from "git"
2025-01-25 02:59:35.487 [info] [Model][doInitialScan] Initial repository scan started
2025-01-25 02:59:35.487 [info] > git rev-parse --show-toplevel [20ms]
2025-01-25 02:59:35.487 [info] > git rev-parse --git-dir --git-common-dir [13ms]
2025-01-25 02:59:35.487 [info] [Model][openRepository] Opened repository: /home/riskirills/archdotfiles
2025-01-25 02:59:35.523 [info] > git rev-parse --show-toplevel [5ms]
2025-01-25 02:59:35.524 [info] [Model][doInitialScan] Initial repository scan completed - repositories (1), closed repositories (0), parent repositories (0), unsafe repositories (0)
2025-01-25 02:59:35.525 [info] > git config --get commit.template [25ms]
2025-01-25 02:59:35.546 [info] > git for-each-ref --format=%(refname)%00%(upstream:short)%00%(objectname)%00%(upstream:track)%00%(upstream:remotename)%00%(upstream:remoteref) refs/heads/main refs/remotes/main [4ms]
2025-01-25 02:59:35.580 [info] > git status -z -uall [20ms]
2025-01-25 02:59:35.580 [info] > git for-each-ref --sort -committerdate --format %(refname) %(objectname) %(*objectname) [8ms]
2025-01-25 02:59:35.643 [info] > git for-each-ref --format=%(refname)%00%(upstream:short)%00%(objectname)%00%(upstream:track)%00%(upstream:remotename)%00%(upstream:remoteref) refs/heads/main refs/remotes/main [35ms]
2025-01-25 02:59:35.659 [info] > git config --local branch.main.vscode-merge-base [3ms]
2025-01-25 02:59:35.675 [info] > git config --get commit.template [31ms]
2025-01-25 02:59:35.676 [info] > git for-each-ref --format=%(refname)%00%(upstream:short)%00%(objectname)%00%(upstream:track)%00%(upstream:remotename)%00%(upstream:remoteref) refs/heads/origin/main refs/remotes/origin/main [4ms]
2025-01-25 02:59:35.715 [info] > git merge-base refs/heads/main refs/remotes/origin/main [29ms]
2025-01-25 02:59:35.770 [info] > git diff --name-status -z --diff-filter=ADMR a159ea4873d683b5c50d8621b20880567ab1550a...refs/remotes/origin/main [46ms]
2025-01-25 02:59:35.772 [info] > git for-each-ref --format=%(refname)%00%(upstream:short)%00%(objectname)%00%(upstream:track)%00%(upstream:remotename)%00%(upstream:remoteref) refs/heads/main refs/remotes/main [58ms]
2025-01-25 02:59:35.809 [info] > git status -z -uall [13ms]
2025-01-25 02:59:35.811 [info] > git for-each-ref --sort -committerdate --format %(refname) %(objectname) %(*objectname) [3ms]
2025-01-25 02:59:35.864 [info] > git show --textconv :openinyazi.sh [13ms]
2025-01-25 02:59:35.865 [info] > git ls-files --stage -- /home/riskirills/archdotfiles/openinyazi.sh [2ms]
2025-01-25 02:59:35.891 [info] > git blame --root --incremental a159ea4873d683b5c50d8621b20880567ab1550a -- /home/riskirills/archdotfiles/openinyazi.sh [3ms]
2025-01-25 02:59:35.891 [info] fatal: no such path openinyazi.sh in a159ea4873d683b5c50d8621b20880567ab1550a
2025-01-25 02:59:36.040 [info] > git check-ignore -v -z --stdin [3ms]
2025-01-25 02:59:37.028 [info] > git show --textconv :.config/yazi/yazi.toml [3ms]
2025-01-25 02:59:37.043 [info] > git ls-files --stage -- /home/riskirills/archdotfiles/.config/yazi/yazi.toml [5ms]
2025-01-25 02:59:37.056 [info] > git cat-file -s e09ffc35167ad87f0b59c6d4b300581bec6d2471 [5ms]
2025-01-25 02:59:37.093 [info] > git blame --root --incremental a159ea4873d683b5c50d8621b20880567ab1550a -- /home/riskirills/archdotfiles/.config/yazi/yazi.toml [3ms]
2025-01-25 02:59:38.139 [info] > git show --textconv :reload.sh [10ms]
2025-01-25 02:59:38.145 [info] > git ls-files --stage -- /home/riskirills/archdotfiles/reload.sh [7ms]
2025-01-25 02:59:38.158 [info] > git cat-file -s 67c3d6607e8f55c97a5521d3e6110c0e8ed2a4e1 [3ms]
2025-01-25 02:59:38.182 [info] > git blame --root --incremental a159ea4873d683b5c50d8621b20880567ab1550a -- /home/riskirills/archdotfiles/reload.sh [4ms]
2025-01-25 03:00:05.910 [info] > git config --get commit.template [17ms]
2025-01-25 03:00:05.911 [info] > git for-each-ref --format=%(refname)%00%(upstream:short)%00%(objectname)%00%(upstream:track)%00%(upstream:remotename)%00%(upstream:remoteref) refs/heads/main refs/remotes/main [2ms]
2025-01-25 03:00:05.933 [info] > git status -z -uall [14ms]
2025-01-25 03:00:05.933 [info] > git for-each-ref --sort -committerdate --format %(refname) %(objectname) %(*objectname) [2ms]
2025-01-25 03:00:05.993 [info] > git ls-files --stage -- /home/riskirills/archdotfiles/reload.sh [3ms]
2025-01-25 03:00:06.004 [info] > git cat-file -s 67c3d6607e8f55c97a5521d3e6110c0e8ed2a4e1 [1ms]
2025-01-25 03:00:06.020 [info] > git show --textconv :reload.sh [3ms]
2025-01-25 03:00:07.422 [info] > git ls-files --stage -- /home/riskirills/archdotfiles/reload.sh [3ms]
2025-01-25 03:00:07.436 [info] > git cat-file -s 78ed737822b6f372d7d06e8735dbd4677d471c2e [1ms]
2025-01-25 03:00:07.453 [info] > git show --textconv :reload.sh [0ms]
2025-01-25 03:00:10.968 [info] > git config --get commit.template [9ms]
2025-01-25 03:00:10.981 [info] > git for-each-ref --format=%(refname)%00%(upstream:short)%00%(objectname)%00%(upstream:track)%00%(upstream:remotename)%00%(upstream:remoteref) refs/heads/main refs/remotes/main [2ms]
2025-01-25 03:00:11.006 [info] > git status -z -uall [14ms]
2025-01-25 03:00:11.006 [info] > git for-each-ref --sort -committerdate --format %(refname) %(objectname) %(*objectname) [4ms]
2025-01-25 03:00:11.341 [info] > git show --textconv HEAD:reload.sh [16ms]
2025-01-25 03:00:11.343 [info] > git ls-tree -l HEAD -- /home/riskirills/archdotfiles/reload.sh [2ms]
2025-01-25 03:00:24.406 [info] > git config --get commit.template [10ms]
2025-01-25 03:00:24.408 [info] > git for-each-ref --format=%(refname)%00%(upstream:short)%00%(objectname)%00%(upstream:track)%00%(upstream:remotename)%00%(upstream:remoteref) refs/heads/main refs/remotes/main [2ms]
2025-01-25 03:00:24.430 [info] > git status -z -uall [13ms]
2025-01-25 03:00:24.435 [info] > git for-each-ref --sort -committerdate --format %(refname) %(objectname) %(*objectname) [6ms]
2025-01-25 03:00:24.466 [info] > git merge-base refs/heads/main refs/remotes/origin/main [4ms]
2025-01-25 03:00:24.481 [info] > git blame --root --incremental 1b2d940fb08dc592640abb0af908464c75bc8eb6 -- /home/riskirills/archdotfiles/reload.sh [29ms]
2025-01-25 03:00:24.485 [info] > git diff --name-status -z --diff-filter=ADMR a159ea4873d683b5c50d8621b20880567ab1550a...refs/remotes/origin/main [5ms]
2025-01-25 03:00:24.519 [info] > git ls-files --stage -- /home/riskirills/archdotfiles/reload.sh [19ms]
2025-01-25 03:00:24.531 [info] > git ls-tree -l HEAD -- /home/riskirills/archdotfiles/reload.sh [13ms]
2025-01-25 03:00:24.534 [info] > git cat-file -s 78ed737822b6f372d7d06e8735dbd4677d471c2e [4ms]
2025-01-25 03:00:24.562 [info] > git show --textconv HEAD:reload.sh [14ms]
2025-01-25 03:00:24.562 [info] > git show --textconv :reload.sh [1ms]
2025-01-25 03:00:28.148 [info] > git ls-files --stage -- /home/riskirills/archdotfiles/reload.sh [9ms]
2025-01-25 03:00:28.162 [info] > git cat-file -s 78ed737822b6f372d7d06e8735dbd4677d471c2e [2ms]
2025-01-25 03:00:28.178 [info] > git show --textconv :reload.sh [3ms]
2025-01-25 03:00:29.486 [info] > git config --get commit.template [11ms]
2025-01-25 03:00:29.487 [info] > git for-each-ref --format=%(refname)%00%(upstream:short)%00%(objectname)%00%(upstream:track)%00%(upstream:remotename)%00%(upstream:remoteref) refs/heads/main refs/remotes/main [2ms]
2025-01-25 03:00:29.507 [info] > git status -z -uall [12ms]
2025-01-25 03:00:29.508 [info] > git for-each-ref --sort -committerdate --format %(refname) %(objectname) %(*objectname) [3ms]
2025-01-25 03:00:29.523 [info] > git merge-base refs/heads/main refs/remotes/origin/main [3ms]
2025-01-25 03:00:29.535 [info] > git diff --name-status -z --diff-filter=ADMR 1b2d940fb08dc592640abb0af908464c75bc8eb6...refs/remotes/origin/main [2ms]
2025-01-25 03:04:24.408 [info] > git config --get commit.template [8ms]
2025-01-25 03:04:24.408 [info] > git for-each-ref --format=%(refname)%00%(upstream:short)%00%(objectname)%00%(upstream:track)%00%(upstream:remotename)%00%(upstream:remoteref) refs/heads/main refs/remotes/main [2ms]
2025-01-25 03:04:24.420 [info] > git status -z -uall [6ms]
2025-01-25 03:04:24.421 [info] > git for-each-ref --sort -committerdate --format %(refname) %(objectname) %(*objectname) [1ms]
